生成启动时间为 2017/7/8 20:38:04。
     1>项目“C:\Users\wangshuangyong\Documents\Visual Studio 2015\Projects\NC3D\NC3D\NC3D.vcxproj”在节点 2 上(build 个目标)。
     1>InitializeBuildStatus:
         正在对“Debug\NC3D.unsuccessfulbuild”执行 Touch 任务。
       ClCompile:
         所有输出均为最新。
         所有输出均为最新。
       ResourceCompile:
         所有输出均为最新。
       ManifestResourceCompile:
         所有输出均为最新。
       Link:
         所有输出均为最新。
       Manifest:
         所有输出均为最新。
       PostBuildEvent:
         copy "C:\Users\wangshuangyong\Documents\Visual Studio 2015\Projects\NC3D\Debug\\NC3D.exe" "F:\OgreSDK_vc10_v1-9-0\Bin\Debug"
         :VCEnd
         已复制         1 个文件。
       FinalizeBuildStatus:
         正在删除文件“Debug\NC3D.unsuccessfulbuild”。
         正在对“Debug\NC3D.lastbuildstate”执行 Touch 任务。
     1>已完成生成项目“C:\Users\wangshuangyong\Documents\Visual Studio 2015\Projects\NC3D\NC3D\NC3D.vcxproj”(build 个目标)的操作。

生成成功。

已用时间 00:00:00.73
