C:\USERS\WANGSHUANGYONG\DOCUMENTS\VISUAL STUDIO 2015\PROJECTS\NC3D\NC3D\RELEASE\BUILDMODE.OBJ
C:\USERS\WANGSHUANGYONG\DOCUMENTS\VISUAL STUDIO 2015\PROJECTS\NC3D\NC3D\RELEASE\CALENDARBAR.OBJ
C:\USERS\WANGSHUANGYONG\DOCUMENTS\VISUAL STUDIO 2015\PROJECTS\NC3D\NC3D\RELEASE\CMYFRAMELISTENER.OBJ
C:\USERS\WANGSHUANGYONG\DOCUMENTS\VISUAL STUDIO 2015\PROJECTS\NC3D\NC3D\RELEASE\MAINFRM.OBJ
C:\USERS\WANGSHUANGYONG\DOCUMENTS\VISUAL STUDIO 2015\PROJECTS\NC3D\NC3D\RELEASE\NC3D.EXE.INTERMEDIATE.MANIFEST
C:\USERS\WANGSHUANGYONG\DOCUMENTS\VISUAL STUDIO 2015\PROJECTS\NC3D\NC3D\RELEASE\NC3D.OBJ
C:\USERS\WANGSHUANGYONG\DOCUMENTS\VISUAL STUDIO 2015\PROJECTS\NC3D\NC3D\RELEASE\NC3D.RES
C:\USERS\WANGSHUANGYONG\DOCUMENTS\VISUAL STUDIO 2015\PROJECTS\NC3D\NC3D\RELEASE\NC3DDOC.OBJ
C:\USERS\WANGSHUANGYONG\DOCUMENTS\VISUAL STUDIO 2015\PROJECTS\NC3D\NC3D\RELEASE\NC3DVIEW.OBJ
C:\USERS\WANGSHUANGYONG\DOCUMENTS\VISUAL STUDIO 2015\PROJECTS\NC3D\NC3D\RELEASE\OGREBASEAPP.OBJ
C:\USERS\WANGSHUANGYONG\DOCUMENTS\VISUAL STUDIO 2015\PROJECTS\NC3D\NC3D\RELEASE\OPERATEMODE.OBJ
C:\USERS\WANGSHUANGYONG\DOCUMENTS\VISUAL STUDIO 2015\PROJECTS\NC3D\NC3D\RELEASE\OUTPUTWND.OBJ
C:\USERS\WANGSHUANGYONG\DOCUMENTS\VISUAL STUDIO 2015\PROJECTS\NC3D\NC3D\RELEASE\PROPERTIESWND.OBJ
C:\USERS\WANGSHUANGYONG\DOCUMENTS\VISUAL STUDIO 2015\PROJECTS\NC3D\NC3D\RELEASE\STDAFX.OBJ
C:\USERS\WANGSHUANGYONG\DOCUMENTS\VISUAL STUDIO 2015\PROJECTS\NC3D\NC3D\RELEASE\VC100.PDB
C:\USERS\WANGSHUANGYONG\DOCUMENTS\VISUAL STUDIO 2015\PROJECTS\NC3D\RELEASE\NC3D.EXE
C:\USERS\WANGSHUANGYONG\DOCUMENTS\VISUAL STUDIO 2015\PROJECTS\NC3D\RELEASE\NC3D.PDB
D:\WANGSHUANGYONG\DOCUMENTS\VISUAL STUDIO 2015\PROJECTS\NC3D\NC3D\RELEASE\BUILDMODE.OBJ
D:\WANGSHUANGYONG\DOCUMENTS\VISUAL STUDIO 2015\PROJECTS\NC3D\NC3D\RELEASE\CALENDARBAR.OBJ
D:\wangshuangyong\Documents\Visual Studio 2015\Projects\NC3D\NC3D\Release\cl.command.1.tlog
D:\wangshuangyong\Documents\Visual Studio 2015\Projects\NC3D\NC3D\Release\CL.read.1.tlog
D:\wangshuangyong\Documents\Visual Studio 2015\Projects\NC3D\NC3D\Release\CL.write.1.tlog
D:\wangshuangyong\Documents\Visual Studio 2015\Projects\NC3D\NC3D\Release\CMyFrameListener.obj
D:\WANGSHUANGYONG\DOCUMENTS\VISUAL STUDIO 2015\PROJECTS\NC3D\NC3D\RELEASE\GRAPHSTRUCT.OBJ
D:\wangshuangyong\Documents\Visual Studio 2015\Projects\NC3D\NC3D\Release\link.command.1.tlog
D:\wangshuangyong\Documents\Visual Studio 2015\Projects\NC3D\NC3D\Release\link.read.1.tlog
D:\wangshuangyong\Documents\Visual Studio 2015\Projects\NC3D\NC3D\Release\link.write.1.tlog
D:\wangshuangyong\Documents\Visual Studio 2015\Projects\NC3D\NC3D\Release\link-cvtres.read.1.tlog
D:\wangshuangyong\Documents\Visual Studio 2015\Projects\NC3D\NC3D\Release\link-cvtres.write.1.tlog
D:\WANGSHUANGYONG\DOCUMENTS\VISUAL STUDIO 2015\PROJECTS\NC3D\NC3D\RELEASE\MAINFRM.OBJ
D:\wangshuangyong\Documents\Visual Studio 2015\Projects\NC3D\NC3D\Release\metagen.write.1.tlog
D:\wangshuangyong\Documents\Visual Studio 2015\Projects\NC3D\NC3D\Release\mt.command.1.tlog
D:\wangshuangyong\Documents\Visual Studio 2015\Projects\NC3D\NC3D\Release\mt.read.1.tlog
D:\wangshuangyong\Documents\Visual Studio 2015\Projects\NC3D\NC3D\Release\mt.write.1.tlog
D:\WANGSHUANGYONG\DOCUMENTS\VISUAL STUDIO 2015\PROJECTS\NC3D\NC3D\RELEASE\NC3D.EXE.INTERMEDIATE.MANIFEST
D:\WANGSHUANGYONG\DOCUMENTS\VISUAL STUDIO 2015\PROJECTS\NC3D\NC3D\RELEASE\NC3D.OBJ
D:\WANGSHUANGYONG\DOCUMENTS\VISUAL STUDIO 2015\PROJECTS\NC3D\NC3D\RELEASE\NC3D.PCH
D:\WANGSHUANGYONG\DOCUMENTS\VISUAL STUDIO 2015\PROJECTS\NC3D\NC3D\RELEASE\NC3D.RES
D:\wangshuangyong\Documents\Visual Studio 2015\Projects\NC3D\NC3D\Release\NC3D.vcxprojResolveAssemblyReference.cache
D:\wangshuangyong\Documents\Visual Studio 2015\Projects\NC3D\NC3D\Release\NC3D.write.1.tlog
D:\WANGSHUANGYONG\DOCUMENTS\VISUAL STUDIO 2015\PROJECTS\NC3D\NC3D\RELEASE\NC3DDOC.OBJ
D:\WANGSHUANGYONG\DOCUMENTS\VISUAL STUDIO 2015\PROJECTS\NC3D\NC3D\RELEASE\NC3DVIEW.OBJ
D:\WANGSHUANGYONG\DOCUMENTS\VISUAL STUDIO 2015\PROJECTS\NC3D\NC3D\RELEASE\OGREBASEAPP.OBJ
D:\WANGSHUANGYONG\DOCUMENTS\VISUAL STUDIO 2015\PROJECTS\NC3D\NC3D\RELEASE\OPERATEMODE.OBJ
D:\WANGSHUANGYONG\DOCUMENTS\VISUAL STUDIO 2015\PROJECTS\NC3D\NC3D\RELEASE\OUTPUTWND.OBJ
D:\WANGSHUANGYONG\DOCUMENTS\VISUAL STUDIO 2015\PROJECTS\NC3D\NC3D\RELEASE\PROPERTIESWND.OBJ
D:\wangshuangyong\Documents\Visual Studio 2015\Projects\NC3D\NC3D\Release\rc.command.1.tlog
D:\wangshuangyong\Documents\Visual Studio 2015\Projects\NC3D\NC3D\Release\rc.read.1.tlog
D:\wangshuangyong\Documents\Visual Studio 2015\Projects\NC3D\NC3D\Release\rc.write.1.tlog
D:\WANGSHUANGYONG\DOCUMENTS\VISUAL STUDIO 2015\PROJECTS\NC3D\NC3D\RELEASE\STDAFX.OBJ
D:\WANGSHUANGYONG\DOCUMENTS\VISUAL STUDIO 2015\PROJECTS\NC3D\NC3D\RELEASE\VC100.PDB
D:\WANGSHUANGYONG\DOCUMENTS\VISUAL STUDIO 2015\PROJECTS\NC3D\RELEASE\NC3D.EXE
D:\WANGSHUANGYONG\DOCUMENTS\VISUAL STUDIO 2015\PROJECTS\NC3D\RELEASE\NC3D.PDB
